<?xml version="1.0" encoding="UTF-8"?>
<!-- Generated by org.testng.reporters.JUnitXMLReporter -->
<testsuite hostname="LAPTOP-K2MCNC53" ignored="0" name="Test" tests="3" failures="0" timestamp="11 Sep 2019 17:25:38 GMT" time="26.69" errors="0">
  <testcase name="pageNavigation" time="7.94" classname="E2EProject.E2EProject.HomePage"/>
  <testcase name="pageNavigation" time="7.395" classname="E2EProject.E2EProject.HomePage"/>
  <testcase name="pageNavigation" time="0.031" classname="E2EProject.E2EProject.ValidateTitle"/>
</testsuite> <!-- Test -->
