<?xml version="1.0" encoding="UTF-8"?>
<!-- Generated by org.testng.reporters.JUnitXMLReporter -->
<testsuite hostname="LAPTOP-K2MCNC53" ignored="0" name="Test" tests="3" failures="0" timestamp="11 Sep 2019 19:04:16 GMT" time="28.955" errors="0">
  <testcase name="pageNavigation" time="8.291" classname="E2EProject.E2EProject.HomePage"/>
  <testcase name="pageNavigation" time="7.39" classname="E2EProject.E2EProject.HomePage"/>
  <testcase name="pageNavigation" time="0.032" classname="E2EProject.E2EProject.ValidateTitle"/>
</testsuite> <!-- Test -->
