<?xml version="1.0" encoding="UTF-8"?>
<testng-results skipped="0" failed="0" ignored="0" total="3" passed="3">
  <reporter-output>
  </reporter-output>
  <suite name="Suite" duration-ms="32474" started-at="2019-09-14T15:12:50Z" finished-at="2019-09-14T15:13:23Z">
    <groups>
    </groups>
    <test name="HomePage Test" duration-ms="22759" started-at="2019-09-14T15:12:50Z" finished-at="2019-09-14T15:13:13Z">
      <class name="E2EProject.E2EProject.HomePage">
        <test-method status="PASS" signature="initialize()[pri:0, instance:E2EProject.E2EProject.HomePage@3a03464]" name="initialize" is-config="true" duration-ms="6295" started-at="2019-09-14T15:12:50Z" finished-at="2019-09-14T15:12:57Z">
          <reporter-output>
          </reporter-output>
        </test-method> <!-- initialize -->
        <test-method status="PASS" signature="pageNavigation(java.lang.String, java.lang.String)[pri:0, instance:E2EProject.E2EProject.HomePage@3a03464]" name="pageNavigation" duration-ms="7819" started-at="2019-09-14T15:12:57Z" data-provider="getData" finished-at="2019-09-14T15:13:05Z">
          <params>
            <param index="0">
              <value>
                <![CDATA[test]]>
              </value>
            </param>
            <param index="1">
              <value>
                <![CDATA[mercury]]>
              </value>
            </param>
          </params>
          <reporter-output>
          </reporter-output>
        </test-method> <!-- pageNavigation -->
        <test-method status="PASS" signature="pageNavigation(java.lang.String, java.lang.String)[pri:0, instance:E2EProject.E2EProject.HomePage@3a03464]" name="pageNavigation" duration-ms="7143" started-at="2019-09-14T15:13:05Z" data-provider="getData" finished-at="2019-09-14T15:13:12Z">
          <params>
            <param index="0">
              <value>
                <![CDATA[mercury]]>
              </value>
            </param>
            <param index="1">
              <value>
                <![CDATA[test]]>
              </value>
            </param>
          </params>
          <reporter-output>
          </reporter-output>
        </test-method> <!-- pageNavigation -->
        <test-method status="PASS" signature="tearDown()[pri:0, instance:E2EProject.E2EProject.HomePage@3a03464]" name="tearDown" is-config="true" duration-ms="167" started-at="2019-09-14T15:13:13Z" finished-at="2019-09-14T15:13:13Z">
          <reporter-output>
          </reporter-output>
        </test-method> <!-- tearDown -->
      </class> <!-- E2EProject.E2EProject.HomePage -->
    </test> <!-- HomePage Test -->
    <test name="Validating Title" duration-ms="9631" started-at="2019-09-14T15:13:13Z" finished-at="2019-09-14T15:13:23Z">
      <class name="E2EProject.E2EProject.ValidateTitle">
        <test-method status="PASS" signature="initialize()[pri:0, instance:E2EProject.E2EProject.ValidateTitle@61a485d2]" name="initialize" is-config="true" duration-ms="5744" started-at="2019-09-14T15:13:13Z" finished-at="2019-09-14T15:13:19Z">
          <reporter-output>
          </reporter-output>
        </test-method> <!-- initialize -->
        <test-method status="PASS" signature="pageNavigation()[pri:0, instance:E2EProject.E2EProject.ValidateTitle@61a485d2]" name="pageNavigation" duration-ms="3032" started-at="2019-09-14T15:13:19Z" finished-at="2019-09-14T15:13:22Z">
          <reporter-output>
          </reporter-output>
        </test-method> <!-- pageNavigation -->
        <test-method status="PASS" signature="tearDown()[pri:0, instance:E2EProject.E2EProject.ValidateTitle@61a485d2]" name="tearDown" is-config="true" duration-ms="161" started-at="2019-09-14T15:13:23Z" finished-at="2019-09-14T15:13:23Z">
          <reporter-output>
          </reporter-output>
        </test-method> <!-- tearDown -->
      </class> <!-- E2EProject.E2EProject.ValidateTitle -->
    </test> <!-- Validating Title -->
  </suite> <!-- Suite -->
</testng-results>
