<?xml version="1.0" encoding="UTF-8"?>
<testng-results skipped="0" failed="0" ignored="0" total="1" passed="1">
  <reporter-output>
  </reporter-output>
  <suite name="Suite" duration-ms="44862" started-at="2019-09-15T08:55:02Z" finished-at="2019-09-15T08:55:47Z">
    <groups>
      <group name="cucumber">
        <method signature="AbstractTestNGCucumberTests.feature(cucumber.api.testng.CucumberFeatureWrapper)[pri:0, instance:cucumberOptions.TestRunner@5cb9f472]" name="feature" class="cucumber.api.testng.AbstractTestNGCucumberTests"/>
      </group> <!-- cucumber -->
    </groups>
    <test name="Mercury Tours Application Test" duration-ms="44862" started-at="2019-09-15T08:55:02Z" finished-at="2019-09-15T08:55:47Z">
      <class name="cucumberOptions.TestRunner">
        <test-method status="PASS" signature="setUpClass()[pri:0, instance:cucumberOptions.TestRunner@5cb9f472]" name="setUpClass" is-config="true" duration-ms="609" started-at="2019-09-15T08:55:02Z" finished-at="2019-09-15T08:55:03Z">
          <reporter-output>
          </reporter-output>
        </test-method> <!-- setUpClass -->
        <test-method status="PASS" signature="feature(cucumber.api.testng.CucumberFeatureWrapper)[pri:0, instance:cucumberOptions.TestRunner@5cb9f472]" name="feature" duration-ms="44031" started-at="2019-09-15T08:55:03Z" description="Runs Cucumber Feature" data-provider="features" finished-at="2019-09-15T08:55:47Z">
          <params>
            <param index="0">
              <value>
                <![CDATA[Mercury Tours Application Test]]>
              </value>
            </param>
          </params>
          <reporter-output>
          </reporter-output>
        </test-method> <!-- feature -->
        <test-method status="PASS" signature="tearDownClass()[pri:0, instance:cucumberOptions.TestRunner@5cb9f472]" name="tearDownClass" is-config="true" duration-ms="9" started-at="2019-09-15T08:55:47Z" finished-at="2019-09-15T08:55:47Z">
          <reporter-output>
          </reporter-output>
        </test-method> <!-- tearDownClass -->
      </class> <!-- cucumberOptions.TestRunner -->
    </test> <!-- Mercury Tours Application Test -->
  </suite> <!-- Suite -->
</testng-results>
